# JRE version: OpenJDK Runtime Environment Temurin-21.0.7+6 (21.0.7+6) (build 21.0.7+6-LTS)
# Java VM: OpenJDK 64-Bit Server VM Temurin-21.0.7+6 (21.0.7+6-LTS, mixed mode, sharing, tiered, compressed oops, compressed class ptrs, parallel gc, windows-amd64)
GC Precious Log:
 CardTable entry size: 512
 CPUs: 8 total, 8 available
 Memory: 8025M
 Large Page Support: Disabled
 NUMA Support: Disabled
 Compressed Oops: Enabled (32-bit)
 Alignments: Space 512K, Generation 512K, Heap 2M
 Heap Min Capacity: 100M
 Heap Initial Capacity: 100M
 Heap Max Capacity: 1G
 Pre-touch: Disabled
 Parallel Workers: 8
Heap:
 PSYoungGen      total 6656K, used 5157K [0x00000000eab00000, 0x00000000eb400000, 0x0000000100000000)
  eden space 5120K, 75% used [0x00000000eab00000,0x00000000eaec1458,0x00000000eb000000)
  from space 1536K, 85% used [0x00000000eb000000,0x00000000eb148158,0x00000000eb180000)
  to   space 1536K, 0% used [0x00000000eb280000,0x00000000eb280000,0x00000000eb400000)
 ParOldGen       total 126976K, used 126888K [0x00000000c0000000, 0x00000000c7c00000, 0x00000000eab00000)
  object space 126976K, 99% used [0x00000000c0000000,0x00000000c7bea140,0x00000000c7c00000)
 Metaspace       used 71633K, committed 73152K, reserved 1114112K
  class space    used 7583K, committed 8256K, reserved 1048576K
GC Heap History (20 events):
Event: 87.284 GC heap after
{Heap after GC invocations=111 (full 3):
 PSYoungGen      total 6656K, used 1280K [0x00000000eab00000, 0x00000000eb300000, 0x0000000100000000)
  eden space 5120K, 0% used [0x00000000eab00000,0x00000000eab00000,0x00000000eb000000)
  from space 1536K, 83% used [0x00000000eb180000,0x00000000eb2c0000,0x00000000eb300000)
  to   space 1536K, 0% used [0x00000000eb000000,0x00000000eb000000,0x00000000eb180000)
 ParOldGen       total 114176K, used 113686K [0x00000000c0000000, 0x00000000c6f80000, 0x00000000eab00000)
  object space 114176K, 99% used [0x00000000c0000000,0x00000000c6f05870,0x00000000c6f80000)
 Metaspace       used 71629K, committed 73152K, reserved 1114112K
  class space    used 7583K, committed 8256K, reserved 1048576K
}
Event: 87.324 GC heap before
{Heap before GC invocations=112 (full 3):
 PSYoungGen      total 6656K, used 6386K [0x00000000eab00000, 0x00000000eb300000, 0x0000000100000000)
  eden space 5120K, 99% used [0x00000000eab00000,0x00000000eaffc8c0,0x00000000eb000000)
  from space 1536K, 83% used [0x00000000eb180000,0x00000000eb2c0000,0x00000000eb300000)
  to   space 1536K, 0% used [0x00000000eb000000,0x00000000eb000000,0x00000000eb180000)
 ParOldGen       total 114176K, used 113686K [0x00000000c0000000, 0x00000000c6f80000, 0x00000000eab00000)
  object space 114176K, 99% used [0x00000000c0000000,0x00000000c6f05870,0x00000000c6f80000)
 Metaspace       used 71629K, committed 73152K, reserved 1114112K
  class space    used 7583K, committed 8256K, reserved 1048576K
}
Event: 87.328 GC heap after
{Heap after GC invocations=112 (full 3):
 PSYoungGen      total 6656K, used 1236K [0x00000000eab00000, 0x00000000eb300000, 0x0000000100000000)
  eden space 5120K, 0% used [0x00000000eab00000,0x00000000eab00000,0x00000000eb000000)
  from space 1536K, 80% used [0x00000000eb000000,0x00000000eb1353c8,0x00000000eb180000)
  to   space 1536K, 0% used [0x00000000eb180000,0x00000000eb180000,0x00000000eb300000)
 ParOldGen       total 115200K, used 114895K [0x00000000c0000000, 0x00000000c7080000, 0x00000000eab00000)
  object space 115200K, 99% used [0x00000000c0000000,0x00000000c7033f38,0x00000000c7080000)
 Metaspace       used 71629K, committed 73152K, reserved 1114112K
  class space    used 7583K, committed 8256K, reserved 1048576K
}
Event: 87.362 GC heap before
{Heap before GC invocations=113 (full 3):
 PSYoungGen      total 6656K, used 6356K [0x00000000eab00000, 0x00000000eb300000, 0x0000000100000000)
  eden space 5120K, 100% used [0x00000000eab00000,0x00000000eb000000,0x00000000eb000000)
  from space 1536K, 80% used [0x00000000eb000000,0x00000000eb1353c8,0x00000000eb180000)
  to   space 1536K, 0% used [0x00000000eb180000,0x00000000eb180000,0x00000000eb300000)
 ParOldGen       total 115200K, used 114895K [0x00000000c0000000, 0x00000000c7080000, 0x00000000eab00000)
  object space 115200K, 99% used [0x00000000c0000000,0x00000000c7033f38,0x00000000c7080000)
 Metaspace       used 71629K, committed 73152K, reserved 1114112K
  class space    used 7583K, committed 8256K, reserved 1048576K
}
Event: 87.365 GC heap after
{Heap after GC invocations=113 (full 3):
 PSYoungGen      total 6656K, used 1263K [0x00000000eab00000, 0x00000000eb300000, 0x0000000100000000)
  eden space 5120K, 0% used [0x00000000eab00000,0x00000000eab00000,0x00000000eb000000)
  from space 1536K, 82% used [0x00000000eb180000,0x00000000eb2bbdd8,0x00000000eb300000)
  to   space 1536K, 0% used [0x00000000eb000000,0x00000000eb000000,0x00000000eb180000)
 ParOldGen       total 116224K, used 116069K [0x00000000c0000000, 0x00000000c7180000, 0x00000000eab00000)
  object space 116224K, 99% used [0x00000000c0000000,0x00000000c71595f8,0x00000000c7180000)
 Metaspace       used 71629K, committed 73152K, reserved 1114112K
  class space    used 7583K, committed 8256K, reserved 1048576K
}
Event: 87.397 GC heap before
{Heap before GC invocations=114 (full 3):
 PSYoungGen      total 6656K, used 6383K [0x00000000eab00000, 0x00000000eb300000, 0x0000000100000000)
  eden space 5120K, 100% used [0x00000000eab00000,0x00000000eb000000,0x00000000eb000000)
  from space 1536K, 82% used [0x00000000eb180000,0x00000000eb2bbdd8,0x00000000eb300000)
  to   space 1536K, 0% used [0x00000000eb000000,0x00000000eb000000,0x00000000eb180000)
 ParOldGen       total 116224K, used 116069K [0x00000000c0000000, 0x00000000c7180000, 0x00000000eab00000)
  object space 116224K, 99% used [0x00000000c0000000,0x00000000c71595f8,0x00000000c7180000)
 Metaspace       used 71629K, committed 73152K, reserved 1114112K
  class space    used 7583K, committed 8256K, reserved 1048576K
}
Event: 87.400 GC heap after
{Heap after GC invocations=114 (full 3):
 PSYoungGen      total 6656K, used 1407K [0x00000000eab00000, 0x00000000eb300000, 0x0000000100000000)
  eden space 5120K, 0% used [0x00000000eab00000,0x00000000eab00000,0x00000000eb000000)
  from space 1536K, 91% used [0x00000000eb000000,0x00000000eb15fdf8,0x00000000eb180000)
  to   space 1536K, 0% used [0x00000000eb180000,0x00000000eb180000,0x00000000eb300000)
 ParOldGen       total 117248K, used 117216K [0x00000000c0000000, 0x00000000c7280000, 0x00000000eab00000)
  object space 117248K, 99% used [0x00000000c0000000,0x00000000c72781a0,0x00000000c7280000)
 Metaspace       used 71629K, committed 73152K, reserved 1114112K
  class space    used 7583K, committed 8256K, reserved 1048576K
}
Event: 88.080 GC heap before
{Heap before GC invocations=115 (full 3):
 PSYoungGen      total 6656K, used 6527K [0x00000000eab00000, 0x00000000eb300000, 0x0000000100000000)
  eden space 5120K, 100% used [0x00000000eab00000,0x00000000eb000000,0x00000000eb000000)
  from space 1536K, 91% used [0x00000000eb000000,0x00000000eb15fdf8,0x00000000eb180000)
  to   space 1536K, 0% used [0x00000000eb180000,0x00000000eb180000,0x00000000eb300000)
 ParOldGen       total 117248K, used 117216K [0x00000000c0000000, 0x00000000c7280000, 0x00000000eab00000)
  object space 117248K, 99% used [0x00000000c0000000,0x00000000c72781a0,0x00000000c7280000)
 Metaspace       used 71629K, committed 73152K, reserved 1114112K
  class space    used 7583K, committed 8256K, reserved 1048576K
}
Event: 88.083 GC heap after
{Heap after GC invocations=115 (full 3):
 PSYoungGen      total 6656K, used 1362K [0x00000000eab00000, 0x00000000eb300000, 0x0000000100000000)
  eden space 5120K, 0% used [0x00000000eab00000,0x00000000eab00000,0x00000000eb000000)
  from space 1536K, 88% used [0x00000000eb180000,0x00000000eb2d4b30,0x00000000eb300000)
  to   space 1536K, 0% used [0x00000000eb000000,0x00000000eb000000,0x00000000eb180000)
 ParOldGen       total 118784K, used 118428K [0x00000000c0000000, 0x00000000c7400000, 0x00000000eab00000)
  object space 118784K, 99% used [0x00000000c0000000,0x00000000c73a7080,0x00000000c7400000)
 Metaspace       used 71629K, committed 73152K, reserved 1114112K
  class space    used 7583K, committed 8256K, reserved 1048576K
}
Event: 88.114 GC heap before
{Heap before GC invocations=116 (full 3):
 PSYoungGen      total 6656K, used 6482K [0x00000000eab00000, 0x00000000eb300000, 0x0000000100000000)
  eden space 5120K, 100% used [0x00000000eab00000,0x00000000eb000000,0x00000000eb000000)
  from space 1536K, 88% used [0x00000000eb180000,0x00000000eb2d4b30,0x00000000eb300000)
  to   space 1536K, 0% used [0x00000000eb000000,0x00000000eb000000,0x00000000eb180000)
 ParOldGen       total 118784K, used 118428K [0x00000000c0000000, 0x00000000c7400000, 0x00000000eab00000)
  object space 118784K, 99% used [0x00000000c0000000,0x00000000c73a7080,0x00000000c7400000)
 Metaspace       used 71632K, committed 73152K, reserved 1114112K
  class space    used 7583K, committed 8256K, reserved 1048576K
}
Event: 88.117 GC heap after
{Heap after GC invocations=116 (full 3):
 PSYoungGen      total 6656K, used 1293K [0x00000000eab00000, 0x00000000eb300000, 0x0000000100000000)
  eden space 5120K, 0% used [0x00000000eab00000,0x00000000eab00000,0x00000000eb000000)
  from space 1536K, 84% used [0x00000000eb000000,0x00000000eb1434d8,0x00000000eb180000)
  to   space 1536K, 0% used [0x00000000eb180000,0x00000000eb180000,0x00000000eb300000)
 ParOldGen       total 119808K, used 119624K [0x00000000c0000000, 0x00000000c7500000, 0x00000000eab00000)
  object space 119808K, 99% used [0x00000000c0000000,0x00000000c74d2398,0x00000000c7500000)
 Metaspace       used 71632K, committed 73152K, reserved 1114112K
  class space    used 7583K, committed 8256K, reserved 1048576K
}
Event: 88.207 GC heap before
{Heap before GC invocations=117 (full 3):
 PSYoungGen      total 6656K, used 6413K [0x00000000eab00000, 0x00000000eb300000, 0x0000000100000000)
  eden space 5120K, 100% used [0x00000000eab00000,0x00000000eb000000,0x00000000eb000000)
  from space 1536K, 84% used [0x00000000eb000000,0x00000000eb1434d8,0x00000000eb180000)
  to   space 1536K, 0% used [0x00000000eb180000,0x00000000eb180000,0x00000000eb300000)
 ParOldGen       total 119808K, used 119624K [0x00000000c0000000, 0x00000000c7500000, 0x00000000eab00000)
  object space 119808K, 99% used [0x00000000c0000000,0x00000000c74d2398,0x00000000c7500000)
 Metaspace       used 71632K, committed 73152K, reserved 1114112K
  class space    used 7583K, committed 8256K, reserved 1048576K
}
Event: 88.210 GC heap after
{Heap after GC invocations=117 (full 3):
 PSYoungGen      total 6656K, used 1273K [0x00000000eab00000, 0x00000000eb300000, 0x0000000100000000)
  eden space 5120K, 0% used [0x00000000eab00000,0x00000000eab00000,0x00000000eb000000)
  from space 1536K, 82% used [0x00000000eb180000,0x00000000eb2be670,0x00000000eb300000)
  to   space 1536K, 0% used [0x00000000eb000000,0x00000000eb000000,0x00000000eb180000)
 ParOldGen       total 120832K, used 120807K [0x00000000c0000000, 0x00000000c7600000, 0x00000000eab00000)
  object space 120832K, 99% used [0x00000000c0000000,0x00000000c75f9f50,0x00000000c7600000)
 Metaspace       used 71632K, committed 73152K, reserved 1114112K
  class space    used 7583K, committed 8256K, reserved 1048576K
}
Event: 88.242 GC heap before
{Heap before GC invocations=118 (full 3):
 PSYoungGen      total 6656K, used 6393K [0x00000000eab00000, 0x00000000eb300000, 0x0000000100000000)
  eden space 5120K, 100% used [0x00000000eab00000,0x00000000eb000000,0x00000000eb000000)
  from space 1536K, 82% used [0x00000000eb180000,0x00000000eb2be670,0x00000000eb300000)
  to   space 1536K, 0% used [0x00000000eb000000,0x00000000eb000000,0x00000000eb180000)
 ParOldGen       total 120832K, used 120807K [0x00000000c0000000, 0x00000000c7600000, 0x00000000eab00000)
  object space 120832K, 99% used [0x00000000c0000000,0x00000000c75f9f50,0x00000000c7600000)
 Metaspace       used 71632K, committed 73152K, reserved 1114112K
  class space    used 7583K, committed 8256K, reserved 1048576K
}
Event: 88.244 GC heap after
{Heap after GC invocations=118 (full 3):
 PSYoungGen      total 6656K, used 1347K [0x00000000eab00000, 0x00000000eb300000, 0x0000000100000000)
  eden space 5120K, 0% used [0x00000000eab00000,0x00000000eab00000,0x00000000eb000000)
  from space 1536K, 87% used [0x00000000eb000000,0x00000000eb150d28,0x00000000eb180000)
  to   space 1536K, 0% used [0x00000000eb180000,0x00000000eb180000,0x00000000eb300000)
 ParOldGen       total 122368K, used 121963K [0x00000000c0000000, 0x00000000c7780000, 0x00000000eab00000)
  object space 122368K, 99% used [0x00000000c0000000,0x00000000c771ad28,0x00000000c7780000)
 Metaspace       used 71632K, committed 73152K, reserved 1114112K
  class space    used 7583K, committed 8256K, reserved 1048576K
}
Event: 88.280 GC heap before
{Heap before GC invocations=119 (full 3):
 PSYoungGen      total 6656K, used 6467K [0x00000000eab00000, 0x00000000eb300000, 0x0000000100000000)
  eden space 5120K, 100% used [0x00000000eab00000,0x00000000eb000000,0x00000000eb000000)
  from space 1536K, 87% used [0x00000000eb000000,0x00000000eb150d28,0x00000000eb180000)
  to   space 1536K, 0% used [0x00000000eb180000,0x00000000eb180000,0x00000000eb300000)
 ParOldGen       total 122368K, used 121963K [0x00000000c0000000, 0x00000000c7780000, 0x00000000eab00000)
  object space 122368K, 99% used [0x00000000c0000000,0x00000000c771ad28,0x00000000c7780000)
 Metaspace       used 71632K, committed 73152K, reserved 1114112K
  class space    used 7583K, committed 8256K, reserved 1048576K
}
Event: 88.282 GC heap after
{Heap after GC invocations=119 (full 3):
 PSYoungGen      total 6656K, used 1412K [0x00000000eab00000, 0x00000000eb300000, 0x0000000100000000)
  eden space 5120K, 0% used [0x00000000eab00000,0x00000000eab00000,0x00000000eb000000)
  from space 1536K, 91% used [0x00000000eb180000,0x00000000eb2e1358,0x00000000eb300000)
  to   space 1536K, 0% used [0x00000000eb000000,0x00000000eb000000,0x00000000eb180000)
 ParOldGen       total 123392K, used 123084K [0x00000000c0000000, 0x00000000c7880000, 0x00000000eab00000)
  object space 123392K, 99% used [0x00000000c0000000,0x00000000c7833390,0x00000000c7880000)
 Metaspace       used 71632K, committed 73152K, reserved 1114112K
  class space    used 7583K, committed 8256K, reserved 1048576K
}
Event: 88.314 GC heap before
{Heap before GC invocations=120 (full 3):
 PSYoungGen      total 6656K, used 6532K [0x00000000eab00000, 0x00000000eb300000, 0x0000000100000000)
  eden space 5120K, 100% used [0x00000000eab00000,0x00000000eb000000,0x00000000eb000000)
  from space 1536K, 91% used [0x00000000eb180000,0x00000000eb2e1358,0x00000000eb300000)
  to   space 1536K, 0% used [0x00000000eb000000,0x00000000eb000000,0x00000000eb180000)
 ParOldGen       total 123392K, used 123084K [0x00000000c0000000, 0x00000000c7880000, 0x00000000eab00000)
  object space 123392K, 99% used [0x00000000c0000000,0x00000000c7833390,0x00000000c7880000)
 Metaspace       used 71632K, committed 73152K, reserved 1114112K
  class space    used 7583K, committed 8256K, reserved 1048576K
}
Event: 88.316 GC heap after
{Heap after GC invocations=120 (full 3):
 PSYoungGen      total 6656K, used 1394K [0x00000000eab00000, 0x00000000eb300000, 0x0000000100000000)
  eden space 5120K, 0% used [0x00000000eab00000,0x00000000eab00000,0x00000000eb000000)
  from space 1536K, 90% used [0x00000000eb000000,0x00000000eb15ca10,0x00000000eb180000)
  to   space 1536K, 0% used [0x00000000eb180000,0x00000000eb180000,0x00000000eb300000)
 ParOldGen       total 124416K, used 124390K [0x00000000c0000000, 0x00000000c7980000, 0x00000000eab00000)
  object space 124416K, 99% used [0x00000000c0000000,0x00000000c7979888,0x00000000c7980000)
 Metaspace       used 71632K, committed 73152K, reserved 1114112K
  class space    used 7583K, committed 8256K, reserved 1048576K
}
Event: 88.343 GC heap before
{Heap before GC invocations=121 (full 3):
 PSYoungGen      total 6656K, used 6514K [0x00000000eab00000, 0x00000000eb300000, 0x0000000100000000)
  eden space 5120K, 100% used [0x00000000eab00000,0x00000000eb000000,0x00000000eb000000)
  from space 1536K, 90% used [0x00000000eb000000,0x00000000eb15ca10,0x00000000eb180000)
  to   space 1536K, 0% used [0x00000000eb180000,0x00000000eb180000,0x00000000eb300000)
 ParOldGen       total 124416K, used 124390K [0x00000000c0000000, 0x00000000c7980000, 0x00000000eab00000)
  object space 124416K, 99% used [0x00000000c0000000,0x00000000c7979888,0x00000000c7980000)
 Metaspace       used 71632K, committed 73152K, reserved 1114112K
  class space    used 7583K, committed 8256K, reserved 1048576K
}

