# JRE version: OpenJDK Runtime Environment Temurin-21.0.7+6 (21.0.7+6) (build 21.0.7+6-LTS)
# Java VM: OpenJDK 64-Bit Server VM Temurin-21.0.7+6 (21.0.7+6-LTS, mixed mode, sharing, tiered, compressed oops, compressed class ptrs, parallel gc, windows-amd64)
GC Precious Log:
 CardTable entry size: 512
 CPUs: 8 total, 8 available
 Memory: 8025M
 Large Page Support: Disabled
 NUMA Support: Disabled
 Compressed Oops: Enabled (32-bit)
 Alignments: Space 512K, Generation 512K, Heap 2M
 Heap Min Capacity: 100M
 Heap Initial Capacity: 100M
 Heap Max Capacity: 1G
 Pre-touch: Disabled
 Parallel Workers: 8
Heap:
 PSYoungGen      total 4608K, used 4544K [0x00000000eab00000, 0x00000000eb180000, 0x0000000100000000)
  eden space 2560K, 100% used [0x00000000eab00000,0x00000000ead80000,0x00000000ead80000)
  from space 2048K, 96% used [0x00000000eae00000,0x00000000eaff0000,0x00000000eb000000)
  to   space 1536K, 12% used [0x00000000eb000000,0x00000000eb030000,0x00000000eb180000)
 ParOldGen       total 511488K, used 511487K [0x00000000c0000000, 0x00000000df380000, 0x00000000eab00000)
  object space 511488K, 99% used [0x00000000c0000000,0x00000000df37fef8,0x00000000df380000)
 Metaspace       used 66140K, committed 67456K, reserved 1114112K
  class space    used 6975K, committed 7552K, reserved 1048576K
GC Heap History (20 events):
Event: 53.448 GC heap after
{Heap after GC invocations=519 (full 3):
 PSYoungGen      total 2560K, used 928K [0x00000000eab00000, 0x00000000eae80000, 0x0000000100000000)
  eden space 1536K, 0% used [0x00000000eab00000,0x00000000eab00000,0x00000000eac80000)
  from space 1024K, 90% used [0x00000000ead80000,0x00000000eae68000,0x00000000eae80000)
  to   space 1024K, 0% used [0x00000000eac80000,0x00000000eac80000,0x00000000ead80000)
 ParOldGen       total 500736K, used 500455K [0x00000000c0000000, 0x00000000de900000, 0x00000000eab00000)
  object space 500736K, 99% used [0x00000000c0000000,0x00000000de8b9c68,0x00000000de900000)
 Metaspace       used 65591K, committed 66880K, reserved 1114112K
  class space    used 6904K, committed 7488K, reserved 1048576K
}
Event: 53.461 GC heap before
{Heap before GC invocations=520 (full 3):
 PSYoungGen      total 2560K, used 2464K [0x00000000eab00000, 0x00000000eae80000, 0x0000000100000000)
  eden space 1536K, 100% used [0x00000000eab00000,0x00000000eac80000,0x00000000eac80000)
  from space 1024K, 90% used [0x00000000ead80000,0x00000000eae68000,0x00000000eae80000)
  to   space 1024K, 0% used [0x00000000eac80000,0x00000000eac80000,0x00000000ead80000)
 ParOldGen       total 500736K, used 500455K [0x00000000c0000000, 0x00000000de900000, 0x00000000eab00000)
  object space 500736K, 99% used [0x00000000c0000000,0x00000000de8b9c68,0x00000000de900000)
 Metaspace       used 65606K, committed 66944K, reserved 1114112K
  class space    used 6904K, committed 7488K, reserved 1048576K
}
Event: 53.466 GC heap after
{Heap after GC invocations=520 (full 3):
 PSYoungGen      total 2560K, used 1024K [0x00000000eab00000, 0x00000000eb100000, 0x0000000100000000)
  eden space 1536K, 0% used [0x00000000eab00000,0x00000000eab00000,0x00000000eac80000)
  from space 1024K, 100% used [0x00000000eac80000,0x00000000ead80000,0x00000000ead80000)
  to   space 2048K, 0% used [0x00000000eaf00000,0x00000000eaf00000,0x00000000eb100000)
 ParOldGen       total 501248K, used 501247K [0x00000000c0000000, 0x00000000de980000, 0x00000000eab00000)
  object space 501248K, 99% used [0x00000000c0000000,0x00000000de97fc68,0x00000000de980000)
 Metaspace       used 65606K, committed 66944K, reserved 1114112K
  class space    used 6904K, committed 7488K, reserved 1048576K
}
Event: 53.493 GC heap before
{Heap before GC invocations=521 (full 3):
 PSYoungGen      total 2560K, used 2560K [0x00000000eab00000, 0x00000000eb100000, 0x0000000100000000)
  eden space 1536K, 100% used [0x00000000eab00000,0x00000000eac80000,0x00000000eac80000)
  from space 1024K, 100% used [0x00000000eac80000,0x00000000ead80000,0x00000000ead80000)
  to   space 2048K, 0% used [0x00000000eaf00000,0x00000000eaf00000,0x00000000eb100000)
 ParOldGen       total 501248K, used 501247K [0x00000000c0000000, 0x00000000de980000, 0x00000000eab00000)
  object space 501248K, 99% used [0x00000000c0000000,0x00000000de97fc68,0x00000000de980000)
 Metaspace       used 65630K, committed 66944K, reserved 1114112K
  class space    used 6904K, committed 7488K, reserved 1048576K
}
Event: 53.499 GC heap after
{Heap after GC invocations=521 (full 3):
 PSYoungGen      total 3584K, used 1088K [0x00000000eab00000, 0x00000000eb080000, 0x0000000100000000)
  eden space 2048K, 0% used [0x00000000eab00000,0x00000000eab00000,0x00000000ead00000)
  from space 1536K, 70% used [0x00000000eaf00000,0x00000000eb010000,0x00000000eb080000)
  to   space 1536K, 0% used [0x00000000ead80000,0x00000000ead80000,0x00000000eaf00000)
 ParOldGen       total 502784K, used 502295K [0x00000000c0000000, 0x00000000deb00000, 0x00000000eab00000)
  object space 502784K, 99% used [0x00000000c0000000,0x00000000dea85c68,0x00000000deb00000)
 Metaspace       used 65630K, committed 66944K, reserved 1114112K
  class space    used 6904K, committed 7488K, reserved 1048576K
}
Event: 53.521 GC heap before
{Heap before GC invocations=522 (full 3):
 PSYoungGen      total 3584K, used 3136K [0x00000000eab00000, 0x00000000eb080000, 0x0000000100000000)
  eden space 2048K, 100% used [0x00000000eab00000,0x00000000ead00000,0x00000000ead00000)
  from space 1536K, 70% used [0x00000000eaf00000,0x00000000eb010000,0x00000000eb080000)
  to   space 1536K, 0% used [0x00000000ead80000,0x00000000ead80000,0x00000000eaf00000)
 ParOldGen       total 502784K, used 502295K [0x00000000c0000000, 0x00000000deb00000, 0x00000000eab00000)
  object space 502784K, 99% used [0x00000000c0000000,0x00000000dea85c68,0x00000000deb00000)
 Metaspace       used 65641K, committed 66944K, reserved 1114112K
  class space    used 6904K, committed 7488K, reserved 1048576K
}
Event: 53.527 GC heap after
{Heap after GC invocations=522 (full 3):
 PSYoungGen      total 4096K, used 1504K [0x00000000eab00000, 0x00000000eb180000, 0x0000000100000000)
  eden space 2560K, 0% used [0x00000000eab00000,0x00000000eab00000,0x00000000ead80000)
  from space 1536K, 97% used [0x00000000ead80000,0x00000000eaef8000,0x00000000eaf00000)
  to   space 2048K, 0% used [0x00000000eaf80000,0x00000000eaf80000,0x00000000eb180000)
 ParOldGen       total 503808K, used 503311K [0x00000000c0000000, 0x00000000dec00000, 0x00000000eab00000)
  object space 503808K, 99% used [0x00000000c0000000,0x00000000deb83c68,0x00000000dec00000)
 Metaspace       used 65641K, committed 66944K, reserved 1114112K
  class space    used 6904K, committed 7488K, reserved 1048576K
}
Event: 53.611 GC heap before
{Heap before GC invocations=523 (full 3):
 PSYoungGen      total 4096K, used 4055K [0x00000000eab00000, 0x00000000eb180000, 0x0000000100000000)
  eden space 2560K, 99% used [0x00000000eab00000,0x00000000ead7dda8,0x00000000ead80000)
  from space 1536K, 97% used [0x00000000ead80000,0x00000000eaef8000,0x00000000eaf00000)
  to   space 2048K, 0% used [0x00000000eaf80000,0x00000000eaf80000,0x00000000eb180000)
 ParOldGen       total 503808K, used 503311K [0x00000000c0000000, 0x00000000dec00000, 0x00000000eab00000)
  object space 503808K, 99% used [0x00000000c0000000,0x00000000deb83c68,0x00000000dec00000)
 Metaspace       used 65830K, committed 67136K, reserved 1114112K
  class space    used 6924K, committed 7488K, reserved 1048576K
}
Event: 53.626 GC heap after
{Heap after GC invocations=523 (full 3):
 PSYoungGen      total 3584K, used 915K [0x00000000eab00000, 0x00000000eb080000, 0x0000000100000000)
  eden space 2560K, 0% used [0x00000000eab00000,0x00000000eab00000,0x00000000ead80000)
  from space 1024K, 89% used [0x00000000eaf80000,0x00000000eb064cc0,0x00000000eb080000)
  to   space 1536K, 0% used [0x00000000ead80000,0x00000000ead80000,0x00000000eaf00000)
 ParOldGen       total 504832K, used 504675K [0x00000000c0000000, 0x00000000ded00000, 0x00000000eab00000)
  object space 504832K, 99% used [0x00000000c0000000,0x00000000decd8c78,0x00000000ded00000)
 Metaspace       used 65830K, committed 67136K, reserved 1114112K
  class space    used 6924K, committed 7488K, reserved 1048576K
}
Event: 53.702 GC heap before
{Heap before GC invocations=524 (full 3):
 PSYoungGen      total 3584K, used 3475K [0x00000000eab00000, 0x00000000eb080000, 0x0000000100000000)
  eden space 2560K, 100% used [0x00000000eab00000,0x00000000ead80000,0x00000000ead80000)
  from space 1024K, 89% used [0x00000000eaf80000,0x00000000eb064cc0,0x00000000eb080000)
  to   space 1536K, 0% used [0x00000000ead80000,0x00000000ead80000,0x00000000eaf00000)
 ParOldGen       total 504832K, used 504675K [0x00000000c0000000, 0x00000000ded00000, 0x00000000eab00000)
  object space 504832K, 99% used [0x00000000c0000000,0x00000000decd8c78,0x00000000ded00000)
 Metaspace       used 65996K, committed 67328K, reserved 1114112K
  class space    used 6952K, committed 7552K, reserved 1048576K
}
Event: 53.709 GC heap after
{Heap after GC invocations=524 (full 3):
 PSYoungGen      total 4096K, used 1174K [0x00000000eab00000, 0x00000000eb080000, 0x0000000100000000)
  eden space 2560K, 0% used [0x00000000eab00000,0x00000000eab00000,0x00000000ead80000)
  from space 1536K, 76% used [0x00000000ead80000,0x00000000eaea5a00,0x00000000eaf00000)
  to   space 1536K, 0% used [0x00000000eaf00000,0x00000000eaf00000,0x00000000eb080000)
 ParOldGen       total 505856K, used 505423K [0x00000000c0000000, 0x00000000dee00000, 0x00000000eab00000)
  object space 505856K, 99% used [0x00000000c0000000,0x00000000ded93ef8,0x00000000dee00000)
 Metaspace       used 65996K, committed 67328K, reserved 1114112K
  class space    used 6952K, committed 7552K, reserved 1048576K
}
Event: 53.741 GC heap before
{Heap before GC invocations=525 (full 3):
 PSYoungGen      total 4096K, used 3734K [0x00000000eab00000, 0x00000000eb080000, 0x0000000100000000)
  eden space 2560K, 100% used [0x00000000eab00000,0x00000000ead80000,0x00000000ead80000)
  from space 1536K, 76% used [0x00000000ead80000,0x00000000eaea5a00,0x00000000eaf00000)
  to   space 1536K, 0% used [0x00000000eaf00000,0x00000000eaf00000,0x00000000eb080000)
 ParOldGen       total 505856K, used 505423K [0x00000000c0000000, 0x00000000dee00000, 0x00000000eab00000)
  object space 505856K, 99% used [0x00000000c0000000,0x00000000ded93ef8,0x00000000dee00000)
 Metaspace       used 66062K, committed 67392K, reserved 1114112K
  class space    used 6964K, committed 7552K, reserved 1048576K
}
Event: 53.747 GC heap after
{Heap after GC invocations=525 (full 3):
 PSYoungGen      total 4096K, used 1408K [0x00000000eab00000, 0x00000000eb080000, 0x0000000100000000)
  eden space 2560K, 0% used [0x00000000eab00000,0x00000000eab00000,0x00000000ead80000)
  from space 1536K, 91% used [0x00000000eaf00000,0x00000000eb060000,0x00000000eb080000)
  to   space 1536K, 0% used [0x00000000ead80000,0x00000000ead80000,0x00000000eaf00000)
 ParOldGen       total 506880K, used 506415K [0x00000000c0000000, 0x00000000def00000, 0x00000000eab00000)
  object space 506880K, 99% used [0x00000000c0000000,0x00000000dee8bef8,0x00000000def00000)
 Metaspace       used 66062K, committed 67392K, reserved 1114112K
  class space    used 6964K, committed 7552K, reserved 1048576K
}
Event: 53.793 GC heap before
{Heap before GC invocations=526 (full 3):
 PSYoungGen      total 4096K, used 3965K [0x00000000eab00000, 0x00000000eb080000, 0x0000000100000000)
  eden space 2560K, 99% used [0x00000000eab00000,0x00000000ead7f680,0x00000000ead80000)
  from space 1536K, 91% used [0x00000000eaf00000,0x00000000eb060000,0x00000000eb080000)
  to   space 1536K, 0% used [0x00000000ead80000,0x00000000ead80000,0x00000000eaf00000)
 ParOldGen       total 506880K, used 506415K [0x00000000c0000000, 0x00000000def00000, 0x00000000eab00000)
  object space 506880K, 99% used [0x00000000c0000000,0x00000000dee8bef8,0x00000000def00000)
 Metaspace       used 66104K, committed 67392K, reserved 1114112K
  class space    used 6971K, committed 7552K, reserved 1048576K
}
Event: 53.804 GC heap after
{Heap after GC invocations=526 (full 3):
 PSYoungGen      total 4096K, used 1536K [0x00000000eab00000, 0x00000000eb480000, 0x0000000100000000)
  eden space 2560K, 0% used [0x00000000eab00000,0x00000000eab00000,0x00000000ead80000)
  from space 1536K, 100% used [0x00000000ead80000,0x00000000eaf00000,0x00000000eaf00000)
  to   space 3584K, 0% used [0x00000000eb100000,0x00000000eb100000,0x00000000eb480000)
 ParOldGen       total 507904K, used 507839K [0x00000000c0000000, 0x00000000df000000, 0x00000000eab00000)
  object space 507904K, 99% used [0x00000000c0000000,0x00000000defefef8,0x00000000df000000)
 Metaspace       used 66104K, committed 67392K, reserved 1114112K
  class space    used 6971K, committed 7552K, reserved 1048576K
}
Event: 53.875 GC heap before
{Heap before GC invocations=527 (full 3):
 PSYoungGen      total 4096K, used 4096K [0x00000000eab00000, 0x00000000eb480000, 0x0000000100000000)
  eden space 2560K, 100% used [0x00000000eab00000,0x00000000ead80000,0x00000000ead80000)
  from space 1536K, 100% used [0x00000000ead80000,0x00000000eaf00000,0x00000000eaf00000)
  to   space 3584K, 0% used [0x00000000eb100000,0x00000000eb100000,0x00000000eb480000)
 ParOldGen       total 507904K, used 507839K [0x00000000c0000000, 0x00000000df000000, 0x00000000eab00000)
  object space 507904K, 99% used [0x00000000c0000000,0x00000000defefef8,0x00000000df000000)
 Metaspace       used 66140K, committed 67456K, reserved 1114112K
  class space    used 6975K, committed 7552K, reserved 1048576K
}
Event: 53.883 GC heap after
{Heap after GC invocations=527 (full 3):
 PSYoungGen      total 4608K, used 1856K [0x00000000eab00000, 0x00000000eb300000, 0x0000000100000000)
  eden space 2560K, 0% used [0x00000000eab00000,0x00000000eab00000,0x00000000ead80000)
  from space 2048K, 90% used [0x00000000eb100000,0x00000000eb2d0000,0x00000000eb300000)
  to   space 2560K, 0% used [0x00000000eae00000,0x00000000eae00000,0x00000000eb080000)
 ParOldGen       total 509440K, used 509407K [0x00000000c0000000, 0x00000000df180000, 0x00000000eab00000)
  object space 509440K, 99% used [0x00000000c0000000,0x00000000df177ef8,0x00000000df180000)
 Metaspace       used 66140K, committed 67456K, reserved 1114112K
  class space    used 6975K, committed 7552K, reserved 1048576K
}
Event: 53.925 GC heap before
{Heap before GC invocations=528 (full 3):
 PSYoungGen      total 4608K, used 4416K [0x00000000eab00000, 0x00000000eb300000, 0x0000000100000000)
  eden space 2560K, 100% used [0x00000000eab00000,0x00000000ead80000,0x00000000ead80000)
  from space 2048K, 90% used [0x00000000eb100000,0x00000000eb2d0000,0x00000000eb300000)
  to   space 2560K, 0% used [0x00000000eae00000,0x00000000eae00000,0x00000000eb080000)
 ParOldGen       total 509440K, used 509407K [0x00000000c0000000, 0x00000000df180000, 0x00000000eab00000)
  object space 509440K, 99% used [0x00000000c0000000,0x00000000df177ef8,0x00000000df180000)
 Metaspace       used 66140K, committed 67456K, reserved 1114112K
  class space    used 6975K, committed 7552K, reserved 1048576K
}
Event: 53.933 GC heap after
{Heap after GC invocations=528 (full 3):
 PSYoungGen      total 4608K, used 1984K [0x00000000eab00000, 0x00000000eb180000, 0x0000000100000000)
  eden space 2560K, 0% used [0x00000000eab00000,0x00000000eab00000,0x00000000ead80000)
  from space 2048K, 96% used [0x00000000eae00000,0x00000000eaff0000,0x00000000eb000000)
  to   space 1536K, 0% used [0x00000000eb000000,0x00000000eb000000,0x00000000eb180000)
 ParOldGen       total 511488K, used 511183K [0x00000000c0000000, 0x00000000df380000, 0x00000000eab00000)
  object space 511488K, 99% used [0x00000000c0000000,0x00000000df333ef8,0x00000000df380000)
 Metaspace       used 66140K, committed 67456K, reserved 1114112K
  class space    used 6975K, committed 7552K, reserved 1048576K
}
Event: 53.980 GC heap before
{Heap before GC invocations=529 (full 3):
 PSYoungGen      total 4608K, used 4544K [0x00000000eab00000, 0x00000000eb180000, 0x0000000100000000)
  eden space 2560K, 100% used [0x00000000eab00000,0x00000000ead80000,0x00000000ead80000)
  from space 2048K, 96% used [0x00000000eae00000,0x00000000eaff0000,0x00000000eb000000)
  to   space 1536K, 0% used [0x00000000eb000000,0x00000000eb000000,0x00000000eb180000)
 ParOldGen       total 511488K, used 511183K [0x00000000c0000000, 0x00000000df380000, 0x00000000eab00000)
  object space 511488K, 99% used [0x00000000c0000000,0x00000000df333ef8,0x00000000df380000)
 Metaspace       used 66140K, committed 67456K, reserved 1114112K
  class space    used 6975K, committed 7552K, reserved 1048576K
}

